<?xml version="1.0" encoding="UTF-8"?>
<!-- Generated by org.testng.reporters.JUnitReportReporter -->
<testsuite skipped="0" hostname="DESKTOP-MPL4FM9" name="tests.DiscountCoupon" tests="1" failures="0" timestamp="11 Jan 2020 10:33:45 GMT" time="24.372" errors="0">
  <testcase name="User_Login" time="24.372" classname="tests.DiscountCoupon"/>
</testsuite> <!-- tests.DiscountCoupon -->
